2026-06-10 14:15:47,025 - INFO - [COLPAL_NS] Inserted 374 rows (duplicates ignored)
2026-06-10 14:15:47,026 - INFO - Inserted 374 rows for COLPAL.NS
2026-06-10 14:15:47,246 - INFO - [DABUR_NS] Inserted 374 rows (duplicates ignored)
2026-06-10 14:15:47,247 - INFO - Inserted 374 rows for DABUR.NS
2026-06-10 14:15:47,380 - INFO - [DIXON_NS] Inserted 374 rows (duplicates ignored)
2026-06-10 14:15:47,380 - INFO - Inserted 374 rows for DIXON.NS
2026-06-10 14:15:47,525 - INFO - [FEDERALBNK_NS] Inserted 374 rows (duplicates ignored)
2026-06-10 14:15:47,525 - INFO - Inserted 374 rows for FEDERALBNK.NS
2026-06-10 14:15:47,658 - INFO - [FORTIS_NS] Inserted 374 rows (duplicates ignored)
2026-06-10 14:15:47,658 - INFO - Inserted 374 rows for FORTIS.NS
2026-06-10 14:15:47,811 - INFO - [GMRAIRPORT_NS] Inserted 374 rows (duplicates ignored)
2026-06-10 14:15:47,812 - INFO - Inserted 374 rows for GMRAIRPORT.NS
2026-06-10 14:15:47,967 - INFO - [GODREJPROP_NS] Inserted 371 rows (duplicates ignored)
2026-06-10 14:15:47,967 - INFO - Inserted 371 rows for GODREJPROP.NS
2026-06-10 14:15:48,120 - INFO - [HAVELLS_NS] Inserted 371 rows (duplicates ignored)
2026-06-10 14:15:48,120 - INFO - Inserted 371 rows for HAVELLS.NS
2026-06-10 14:15:48,272 - INFO - [HEROMOTOCO_NS] Inserted 374 rows (duplicates ignored)
2026-06-10 14:15:48,272 - INFO - Inserted 374 rows for HEROMOTOCO.NS
2026-06-10 14:15:48,433 - INFO - [HINDPETRO_NS] Inserted 374 rows (duplicates ignored)
2026-06-10 14:15:48,433 - INFO - Inserted 374 rows for HINDPETRO.NS
2026-06-10 14:15:48,587 - INFO - [ICICIBANK_NS] Inserted 374 rows (duplicates ignored)
2026-06-10 14:15:48,587 - INFO - Inserted 374 rows for ICICIBANK.NS
2026-06-10 14:15:48,604 - INFO - Cycle complete. README updated.
2026-06-10 14:20:47,249 - INFO - Starting data fetch cycle...
2026-06-10 14:20:47,978 - INFO - [NSEI] Inserted 374 rows (duplicates ignored)
2026-06-10 14:20:47,978 - INFO - Inserted 374 rows for ^NSEI
2026-06-10 14:20:48,293 - INFO - [NSEBANK] Inserted 374 rows (duplicates ignored)
2026-06-10 14:20:48,293 - INFO - Inserted 374 rows for ^NSEBANK
2026-06-10 14:20:48,590 - INFO - [BSESN] Inserted 374 rows (duplicates ignored)
2026-06-10 14:20:48,590 - INFO - Inserted 374 rows for ^BSESN
2026-06-10 14:20:48,882 - INFO - [NSEMDCP50] Inserted 374 rows (duplicates ignored)
2026-06-10 14:20:48,882 - INFO - Inserted 374 rows for ^NSEMDCP50
2026-06-10 14:20:49,234 - INFO - [ALKEM_NS] Inserted 370 rows (duplicates ignored)
2026-06-10 14:20:49,234 - INFO - Inserted 370 rows for ALKEM.NS
2026-06-10 14:20:49,629 - INFO - [APLAPOLLO_NS] Inserted 374 rows (duplicates ignored)
2026-06-10 14:20:49,629 - INFO - Inserted 374 rows for APLAPOLLO.NS
2026-06-10 14:20:49,955 - INFO - [ASHOKLEY_NS] Inserted 374 rows (duplicates ignored)
2026-06-10 14:20:49,955 - INFO - Inserted 374 rows for ASHOKLEY.NS
2026-06-10 14:20:50,293 - INFO - [AUBANK_NS] Inserted 374 rows (duplicates ignored)
2026-06-10 14:20:50,293 - INFO - Inserted 374 rows for AUBANK.NS
2026-06-10 14:20:50,590 - INFO - [AUROPHARMA_NS] Inserted 374 rows (duplicates ignored)
2026-06-10 14:20:50,590 - INFO - Inserted 374 rows for AUROPHARMA.NS
2026-06-10 14:20:50,975 - INFO - [BHARATFORG_NS] Inserted 374 rows (duplicates ignored)
2026-06-10 14:20:50,975 - INFO - Inserted 374 rows for BHARATFORG.NS
2026-06-10 14:20:51,338 - INFO - [BHEL_NS] Inserted 374 rows (duplicates ignored)
2026-06-10 14:20:51,338 - INFO - Inserted 374 rows for BHEL.NS
2026-06-10 14:20:51,653 - INFO - [BSE_NS] Inserted 374 rows (duplicates ignored)
2026-06-10 14:20:51,653 - INFO - Inserted 374 rows for BSE.NS
2026-06-10 14:20:51,987 - INFO - [COFORGE_NS] Inserted 374 rows (duplicates ignored)
2026-06-10 14:20:51,987 - INFO - Inserted 374 rows for COFORGE.NS
2026-06-10 14:20:52,280 - INFO - [COLPAL_NS] Inserted 374 rows (duplicates ignored)
2026-06-10 14:20:52,280 - INFO - Inserted 374 rows for COLPAL.NS
2026-06-10 14:20:52,673 - INFO - [DABUR_NS] Inserted 374 rows (duplicates ignored)
2026-06-10 14:20:52,674 - INFO - Inserted 374 rows for DABUR.NS
2026-06-10 14:20:52,958 - INFO - [DIXON_NS] Inserted 374 rows (duplicates ignored)
2026-06-10 14:20:52,959 - INFO - Inserted 374 rows for DIXON.NS
2026-06-10 14:20:53,283 - INFO - [FEDERALBNK_NS] Inserted 374 rows (duplicates ignored)
2026-06-10 14:20:53,283 - INFO - Inserted 374 rows for FEDERALBNK.NS
2026-06-10 14:20:53,646 - INFO - [FORTIS_NS] Inserted 374 rows (duplicates ignored)
2026-06-10 14:20:53,646 - INFO - Inserted 374 rows for FORTIS.NS
2026-06-10 14:20:54,001 - INFO - [GMRAIRPORT_NS] Inserted 374 rows (duplicates ignored)
2026-06-10 14:20:54,001 - INFO - Inserted 374 rows for GMRAIRPORT.NS
2026-06-10 14:20:54,351 - INFO - [GODREJPROP_NS] Inserted 371 rows (duplicates ignored)
2026-06-10 14:20:54,351 - INFO - Inserted 371 rows for GODREJPROP.NS
2026-06-10 14:20:54,784 - INFO - [HAVELLS_NS] Inserted 371 rows (duplicates ignored)
2026-06-10 14:20:54,785 - INFO - Inserted 371 rows for HAVELLS.NS
2026-06-10 14:20:55,087 - INFO - [HEROMOTOCO_NS] Inserted 374 rows (duplicates ignored)
2026-06-10 14:20:55,087 - INFO - Inserted 374 rows for HEROMOTOCO.NS
2026-06-10 14:20:55,421 - INFO - [HINDPETRO_NS] Inserted 374 rows (duplicates ignored)
2026-06-10 14:20:55,421 - INFO - Inserted 374 rows for HINDPETRO.NS
2026-06-10 14:20:55,756 - INFO - [ICICIBANK_NS] Inserted 374 rows (duplicates ignored)
2026-06-10 14:20:55,756 - INFO - Inserted 374 rows for ICICIBANK.NS
2026-06-10 14:20:55,772 - INFO - Cycle complete. README updated.
